Content-Type: text/plain; charset="utf-8"
MIME-Version: 1.0
Content-Transfer-Encoding: 8bit
Subject: Password reset on 127.0.0.1:8000
From: webmaster@localhost
To: laqin3@gmail.com
Date: Mon, 11 Dec 2023 16:36:42 -0000
Message-ID: <170231260258.25277.15005482518008422509@5248ec8d1dc0>


You're receiving this email because you requested a password reset for your user account at 127.0.0.1:8000.

Please go to the following page and choose a new password:

http://127.0.0.1:8000/reset/NA/bz1y56-aac0b1e534e2df3f7d4a0085c7ee6ba3

Your username, in case you’ve forgotten: Savut

Thanks for using our site!

The 127.0.0.1:8000 team



-------------------------------------------------------------------------------
Content-Type: text/plain; charset="utf-8"
MIME-Version: 1.0
Content-Transfer-Encoding: 8bit
Subject: Password reset on 127.0.0.1:8000
From: webmaster@localhost
To: laqin3@gmail.com
Date: Mon, 11 Dec 2023 16:36:42 -0000
Message-ID: <170231260258.25277.3808640716637019827@5248ec8d1dc0>


You're receiving this email because you requested a password reset for your user account at 127.0.0.1:8000.

Please go to the following page and choose a new password:

http://127.0.0.1:8000/reset/MQ/bz1y56-73e68292682990ba07fea94182c66b09

Your username, in case you’ve forgotten: admin

Thanks for using our site!

The 127.0.0.1:8000 team



-------------------------------------------------------------------------------
