Content-Type: text/plain; charset="utf-8"
MIME-Version: 1.0
Content-Transfer-Encoding: 8bit
Subject: Password reset on 127.0.0.1:8000
From: webmaster@localhost
To: laqin3@gmail.com
Date: Mon, 11 Dec 2023 18:48:59 -0000
Message-ID: <170232053936.84076.12264812733695693294@5248ec8d1dc0>


You're receiving this email because you requested a password reset for your user account at 127.0.0.1:8000.

Please go to the following page and choose a new password:

http://127.0.0.1:8000/reset/NA/bz249n-506bcd1dab2c13a2faf4d8f9b26cb56f

Your username, in case you’ve forgotten: Savut

Thanks for using our site!

The 127.0.0.1:8000 team



-------------------------------------------------------------------------------
Content-Type: text/plain; charset="utf-8"
MIME-Version: 1.0
Content-Transfer-Encoding: 8bit
Subject: Password reset on 127.0.0.1:8000
From: webmaster@localhost
To: laqin3@gmail.com
Date: Mon, 11 Dec 2023 18:48:59 -0000
Message-ID: <170232053936.84076.12614288481064074413@5248ec8d1dc0>


You're receiving this email because you requested a password reset for your user account at 127.0.0.1:8000.

Please go to the following page and choose a new password:

http://127.0.0.1:8000/reset/MQ/bz249n-f812207aa3d2db1e7905d9eda8d8a907

Your username, in case you’ve forgotten: admin

Thanks for using our site!

The 127.0.0.1:8000 team



-------------------------------------------------------------------------------
