Content-Type: text/plain; charset="utf-8"
MIME-Version: 1.0
Content-Transfer-Encoding: 8bit
Subject: Password reset on 127.0.0.1:8000
From: webmaster@localhost
To: laqin3@gmail.com
Date: Mon, 11 Dec 2023 18:36:05 -0000
Message-ID: <170231976556.76260.10333744583307198260@5248ec8d1dc0>


You're receiving this email because you requested a password reset for your user account at 127.0.0.1:8000.

Please go to the following page and choose a new password:

http://127.0.0.1:8000/reset/NA/bz23o5-5380580358a4bf2f7e4f9e7b1ed41414

Your username, in case you’ve forgotten: Savut

Thanks for using our site!

The 127.0.0.1:8000 team



-------------------------------------------------------------------------------
Content-Type: text/plain; charset="utf-8"
MIME-Version: 1.0
Content-Transfer-Encoding: 8bit
Subject: Password reset on 127.0.0.1:8000
From: webmaster@localhost
To: laqin3@gmail.com
Date: Mon, 11 Dec 2023 18:36:05 -0000
Message-ID: <170231976556.76260.15618998477181523548@5248ec8d1dc0>


You're receiving this email because you requested a password reset for your user account at 127.0.0.1:8000.

Please go to the following page and choose a new password:

http://127.0.0.1:8000/reset/MQ/bz23o5-6020f6b398a11e90a4899fcdf9b14dca

Your username, in case you’ve forgotten: admin

Thanks for using our site!

The 127.0.0.1:8000 team



-------------------------------------------------------------------------------
